{
"contracts/Blacklist.sol":{"l":{"21":1,"22":0,"24":1,"29":23,"39":2,"40":0,"42":2,"43":2,"47":1,"48":0,"50":1,"51":1},"path":"/home/andrea/Desktop/masterz-dev/code/token/contracts/Blacklist.sol","s":{"1":1,"2":0,"3":1,"4":23,"5":2,"6":0,"7":2,"8":2,"9":1,"10":0,"11":1,"12":1},"b":{"1":[0,1],"2":[0,2],"3":[0,1]},"f":{"1":3,"2":1,"3":23,"4":2,"5":1},"fnMap":{"1":{"name":"constructor","line":18,"loc":{"start":{"line":18,"column":4},"end":{"line":18,"column":20}}},"2":{"name":"allowedToken","line":20,"loc":{"start":{"line":20,"column":4},"end":{"line":26,"column":4}}},"3":{"name":"getBlackListStatus","line":28,"loc":{"start":{"line":28,"column":4},"end":{"line":30,"column":4}}},"4":{"name":"addBlackList","line":38,"loc":{"start":{"line":38,"column":4},"end":{"line":44,"column":4}}},"5":{"name":"removeBlackList","line":46,"loc":{"start":{"line":46,"column":4},"end":{"line":52,"column":4}}}},"statementMap":{"1":{"start":{"line":21,"column":8},"end":{"line":21,"column":562}},"2":{"start":{"line":22,"column":12},"end":{"line":22,"column":19}},"3":{"start":{"line":24,"column":8},"end":{"line":24,"column":34}},"4":{"start":{"line":29,"column":8},"end":{"line":29,"column":36}},"5":{"start":{"line":39,"column":8},"end":{"line":39,"column":970}},"6":{"start":{"line":40,"column":12},"end":{"line":40,"column":19}},"7":{"start":{"line":42,"column":8},"end":{"line":42,"column":38}},"8":{"start":{"line":43,"column":8},"end":{"line":43,"column":38}},"9":{"start":{"line":47,"column":8},"end":{"line":47,"column":1205}},"10":{"start":{"line":48,"column":12},"end":{"line":48,"column":19}},"11":{"start":{"line":50,"column":8},"end":{"line":50,"column":42}},"12":{"start":{"line":51,"column":8},"end":{"line":51,"column":43}}},"branchMap":{"1":{"line":21,"type":"if","locations":[{"start":{"line":21,"column":8},"end":{"line":21,"column":8}},{"start":{"line":21,"column":8},"end":{"line":21,"column":8}}]},"2":{"line":39,"type":"if","locations":[{"start":{"line":39,"column":8},"end":{"line":39,"column":8}},{"start":{"line":39,"column":8},"end":{"line":39,"column":8}}]},"3":{"line":47,"type":"if","locations":[{"start":{"line":47,"column":8},"end":{"line":47,"column":8}},{"start":{"line":47,"column":8},"end":{"line":47,"column":8}}]}}},
"contracts/interfaces/IBlacklist.sol":{"l":{},"path":"/home/andrea/Desktop/masterz-dev/code/token/contracts/interfaces/IBlacklist.sol","s":{},"b":{},"f":{},"fnMap":{},"statementMap":{},"branchMap":{}},
"contracts/Token.sol":{"l":{"13":3,"19":2,"23":0,"27":2,"32":1,"37":11,"38":11,"39":4},"path":"/home/andrea/Desktop/masterz-dev/code/token/contracts/Token.sol","s":{"1":3,"2":2,"3":0,"4":2,"5":1,"6":11,"7":4},"b":{"1":[4,7]},"f":{"1":3,"2":2,"3":0,"4":2,"5":1,"6":11},"fnMap":{"1":{"name":"constructor","line":12,"loc":{"start":{"line":12,"column":4},"end":{"line":14,"column":4}}},"2":{"name":"mint","line":18,"loc":{"start":{"line":18,"column":4},"end":{"line":20,"column":4}}},"3":{"name":"burn","line":22,"loc":{"start":{"line":22,"column":4},"end":{"line":24,"column":4}}},"4":{"name":"insertInBlacklist","line":26,"loc":{"start":{"line":26,"column":4},"end":{"line":29,"column":4}}},"5":{"name":"removeFromBlacklist","line":31,"loc":{"start":{"line":31,"column":4},"end":{"line":34,"column":4}}},"6":{"name":"_beforeTokenTransfer","line":36,"loc":{"start":{"line":36,"column":4},"end":{"line":44,"column":4}}}},"statementMap":{"1":{"start":{"line":13,"column":8},"end":{"line":13,"column":48}},"2":{"start":{"line":19,"column":8},"end":{"line":19,"column":29}},"3":{"start":{"line":23,"column":8},"end":{"line":23,"column":32}},"4":{"start":{"line":27,"column":8},"end":{"line":27,"column":58}},"5":{"start":{"line":32,"column":8},"end":{"line":32,"column":61}},"6":{"start":{"line":38,"column":8},"end":{"line":38,"column":1066}},"7":{"start":{"line":39,"column":12},"end":{"line":39,"column":42}}},"branchMap":{"1":{"line":38,"type":"if","locations":[{"start":{"line":38,"column":8},"end":{"line":38,"column":8}},{"start":{"line":38,"column":8},"end":{"line":38,"column":8}}]}}}}
