TN:
SF:/home/andrea/Desktop/masterz-dev/code/token/contracts/Blacklist.sol
FN:18,constructor
FN:20,allowedToken
FN:28,getBlackListStatus
FN:38,addBlackList
FN:46,removeBlackList
FNF:5
FNH:5
FNDA:3,constructor
FNDA:1,allowedToken
FNDA:23,getBlackListStatus
FNDA:2,addBlackList
FNDA:1,removeBlackList
DA:21,1
DA:22,0
DA:24,1
DA:29,23
DA:39,2
DA:40,0
DA:42,2
DA:43,2
DA:47,1
DA:48,0
DA:50,1
DA:51,1
LF:12
LH:9
BRDA:21,1,0,0
BRDA:21,1,1,1
BRDA:39,2,0,0
BRDA:39,2,1,2
BRDA:47,3,0,0
BRDA:47,3,1,1
BRF:6
BRH:3
end_of_record
TN:
SF:/home/andrea/Desktop/masterz-dev/code/token/contracts/interfaces/IBlacklist.sol
FNF:0
FNH:0
LF:0
LH:0
BRF:0
BRH:0
end_of_record
TN:
SF:/home/andrea/Desktop/masterz-dev/code/token/contracts/Token.sol
FN:12,constructor
FN:18,mint
FN:22,burn
FN:26,insertInBlacklist
FN:31,removeFromBlacklist
FN:36,_beforeTokenTransfer
FNF:6
FNH:5
FNDA:3,constructor
FNDA:2,mint
FNDA:0,burn
FNDA:2,insertInBlacklist
FNDA:1,removeFromBlacklist
FNDA:11,_beforeTokenTransfer
DA:13,3
DA:19,2
DA:23,0
DA:27,2
DA:32,1
DA:37,11
DA:38,11
DA:39,4
LF:8
LH:7
BRDA:38,1,0,4
BRDA:38,1,1,7
BRF:2
BRH:2
end_of_record
